#
# There is insufficient memory for the Java Runtime Environment to continue.
# Native memory allocation (mmap) failed to map 132120576 bytes for G1 virtual space
# Possible reasons:
#   The system is out of physical RAM or swap space
#   The process is running with CompressedOops enabled, and the Java Heap may be blocking the growth of the native heap
# Possible solutions:
#   Reduce memory load on the system
#   Increase physical memory or swap space
#   Check if swap backing store is full
#   Decrease Java heap size (-Xmx/-Xms)
#   Decrease number of Java threads
#   Decrease Java thread stack sizes (-Xss)
#   Set larger code cache with -XX:ReservedCodeCacheSize=
#   JVM is running with Unscaled Compressed Oops mode in which the Java heap is
#     placed in the first 4GB address space. The Java Heap base address is the
#     maximum limit for the native heap growth. Please use -XX:HeapBaseMinAddress
#     to set the Java Heap base and to place the Java Heap above 4GB virtual address.
# This output file may be truncated or incomplete.
#
#  Out of Memory Error (os_windows.cpp:3532), pid=9316, tid=30432
#
# JRE version:  (17.0.2+8) (build )
# Java VM: Java HotSpot(TM) 64-Bit Server VM (17.0.2+8-LTS-86, mixed mode, sharing, tiered, compressed oops, compressed class ptrs, g1 gc, windows-amd64)
# No core dump will be written. Minidumps are not enabled by default on client versions of Windows
#

---------------  S U M M A R Y ------------

Command Line: -Dfile.encoding=UTF-8 --module-path=C:\Users\DELL\Documents\NetBeansProjects\AdminLibraryManagement\build\classes Library.LibrarianSection

Host: Intel(R) Core(TM) i5-1035G1 CPU @ 1.00GHz, 8 cores, 7G,  Windows 10 , 64 bit Build 19041 (10.0.19041.1889)
Time: Thu Dec 22 18:45:19 2022 India Standard Time elapsed time: 0.014964 seconds (0d 0h 0m 0s)

---------------  T H R E A D  ---------------

Current thread (0x0000023a5251bdd0):  JavaThread "Unknown thread" [_thread_in_vm, id=30432, stack(0x000000f2b1300000,0x000000f2b1400000)]

Stack: [0x000000f2b1300000,0x000000f2b1400000]
Native frames: (J=compiled Java code, j=interpreted, Vv=VM code, C=native code)
V  [jvm.dll+0x670baa]
V  [jvm.dll+0x7cfcb4]
V  [jvm.dll+0x7d145e]
V  [jvm.dll+0x7d1ac3]
V  [jvm.dll+0x242bc5]
V  [jvm.dll+0x66dac9]
V  [jvm.dll+0x662412]
V  [jvm.dll+0x300c0b]
V  [jvm.dll+0x3081a6]
V  [jvm.dll+0x357d0e]
V  [jvm.dll+0x357f3f]
V  [jvm.dll+0x2d7ec8]
V  [jvm.dll+0x2d8e34]
V  [jvm.dll+0x7a18c1]
V  [jvm.dll+0x365a91]
V  [jvm.dll+0x780d2c]
V  [jvm.dll+0x3e845f]
V  [jvm.dll+0x3e9f01]
C  [jli.dll+0x527b]
C  [ucrtbase.dll+0x21bb2]
C  [KERNEL32.DLL+0x17034]
C  [ntdll.dll+0x526a1]


---------------  P R O C E S S  ---------------

Threads class SMR info:
_java_thread_list=0x00007ffef6b49858, length=0, elements={
}

Java Threads: ( => current thread )

Other Threads:
  0x0000023a5255caa0 GCTaskThread "GC Thread#0" [stack: 0x000000f2b1400000,0x000000f2b1500000] [id=12428]
  0x0000023a5256d2a0 ConcurrentGCThread "G1 Main Marker" [stack: 0x000000f2b1500000,0x000000f2b1600000] [id=20192]
  0x0000023a5256f460 ConcurrentGCThread "G1 Conc#0" [stack: 0x000000f2b1600000,0x000000f2b1700000] [id=8320]

[error occurred during error reporting (printing all threads), id 0xc0000005, EXCEPTION_ACCESS_VIOLATION (0xc0000005) at pc=0x00007ffef63988a7]

VM state: not at safepoint (not fully initialized)

VM Mutex/Monitor currently owned by a thread:  ([mutex/lock_event])
[0x0000023a525193c0] Heap_lock - owner thread: 0x0000023a5251bdd0

Heap address: 0x0000000083a00000, size: 1990 MB, Compressed Oops mode: 32-bit

CDS archive(s) mapped at: [0x0000000000000000-0x0000000000000000-0x0000000000000000), size 0, SharedBaseAddress: 0x0000000800000000, ArchiveRelocationMode: 0.
Narrow klass base: 0x0000000000000000, Narrow klass shift: 0, Narrow klass range: 0x0

GC Precious Log:
<Empty>

Heap:
 garbage-first heap   total 0K, used 0K [0x0000000083a00000, 0x0000000100000000)
  region size 1024K, 0 young (0K), 0 survivors (0K)

[error occurred during error reporting (printing heap information), id 0xc0000005, EXCEPTION_ACCESS_VIOLATION (0xc0000005) at pc=0x00007ffef6779f19]

GC Heap History (0 events):
No events

Deoptimization events (0 events):
No events

Classes unloaded (0 events):
No events

Classes redefined (0 events):
No events

Internal exceptions (0 events):
No events

VM Operations (0 events):
No events

Events (1 events):
Event: 0.007 Loaded shared library C:\Program Files\Java\jdk-17.0.2\bin\java.dll


Dynamic libraries:
0x00007ff6a86a0000 - 0x00007ff6a86b0000 	C:\Program Files\Java\jdk-17.0.2\bin\java.exe
0x00007fff5c3b0000 - 0x00007fff5c5a8000 	C:\Windows\SYSTEM32\ntdll.dll
0x00007fff5ab50000 - 0x00007fff5ac0d000 	C:\Windows\System32\KERNEL32.DLL
0x00007fff5a080000 - 0x00007fff5a352000 	C:\Windows\System32\KERNELBASE.dll
0x00007fff59ac0000 - 0x00007fff59bc0000 	C:\Windows\System32\ucrtbase.dll
0x00007fff3eba0000 - 0x00007fff3ebba000 	C:\Program Files\Java\jdk-17.0.2\bin\VCRUNTIME140.dll
0x00007fff33540000 - 0x00007fff33558000 	C:\Program Files\Java\jdk-17.0.2\bin\jli.dll
0x00007fff5bac0000 - 0x00007fff5bb6e000 	C:\Windows\System32\ADVAPI32.dll
0x00007fff5c000000 - 0x00007fff5c09e000 	C:\Windows\System32\msvcrt.dll
0x00007fff5a8e0000 - 0x00007fff5a97c000 	C:\Windows\System32\sechost.dll
0x00007fff5bb70000 - 0x00007fff5bc95000 	C:\Windows\System32\RPCRT4.dll
0x00007fff5a580000 - 0x00007fff5a71d000 	C:\Windows\System32\USER32.dll
0x00007fff5a050000 - 0x00007fff5a072000 	C:\Windows\System32\win32u.dll
0x00007fff5c110000 - 0x00007fff5c13b000 	C:\Windows\System32\GDI32.dll
0x00007fff39780000 - 0x00007fff39a1a000 	C:\Windows\WinSxS\amd64_microsoft.windows.common-controls_6595b64144ccf1df_6.0.19041.1110_none_60b5254171f9507e\COMCTL32.dll
0x00007fff59c10000 - 0x00007fff59d1f000 	C:\Windows\System32\gdi32full.dll
0x00007fff59dc0000 - 0x00007fff59e5d000 	C:\Windows\System32\msvcp_win.dll
0x00007fff4c930000 - 0x00007fff4c93a000 	C:\Windows\SYSTEM32\VERSION.dll
0x00007fff5b550000 - 0x00007fff5b580000 	C:\Windows\System32\IMM32.DLL
0x00007fff44c20000 - 0x00007fff44c2c000 	C:\Program Files\Java\jdk-17.0.2\bin\vcruntime140_1.dll
0x00007fff13f40000 - 0x00007fff13fcd000 	C:\Program Files\Java\jdk-17.0.2\bin\msvcp140.dll
0x00007ffef60b0000 - 0x00007ffef6c71000 	C:\Program Files\Java\jdk-17.0.2\bin\server\jvm.dll
0x00007fff5c0a0000 - 0x00007fff5c0a8000 	C:\Windows\System32\PSAPI.DLL
0x00007fff487e0000 - 0x00007fff48807000 	C:\Windows\SYSTEM32\WINMM.dll
0x00007fff44d00000 - 0x00007fff44d09000 	C:\Windows\SYSTEM32\WSOCK32.dll
0x00007fff5b5e0000 - 0x00007fff5b64b000 	C:\Windows\System32\WS2_32.dll
0x00007fff582d0000 - 0x00007fff582e2000 	C:\Windows\SYSTEM32\kernel.appcore.dll
0x00007fff448c0000 - 0x00007fff448ca000 	C:\Program Files\Java\jdk-17.0.2\bin\jimage.dll
0x00007fff53cd0000 - 0x00007fff53eb4000 	C:\Windows\SYSTEM32\DBGHELP.DLL
0x00007fff487b0000 - 0x00007fff487dc000 	C:\Windows\SYSTEM32\dbgcore.DLL
0x00007fff59e60000 - 0x00007fff59ee2000 	C:\Windows\System32\bcryptPrimitives.dll
0x00007fff266a0000 - 0x00007fff266c5000 	C:\Program Files\Java\jdk-17.0.2\bin\java.dll

dbghelp: loaded successfully - version: 4.0.5 - missing functions: none
symbol engine: initialized successfully - sym options: 0x614 - pdb path: .;C:\Program Files\Java\jdk-17.0.2\bin;C:\Windows\SYSTEM32;C:\Windows\WinSxS\amd64_microsoft.windows.common-controls_6595b64144ccf1df_6.0.19041.1110_none_60b5254171f9507e;C:\Program Files\Java\jdk-17.0.2\bin\server

VM Arguments:
jvm_args: -Dfile.encoding=UTF-8 --module-path=C:\Users\DELL\Documents\NetBeansProjects\AdminLibraryManagement\build\classes 
java_command: Library.LibrarianSection
java_class_path (initial): C:\Users\DELL\Downloads\mysql-connector-java-8.0.28.jar;C:\Users\DELL\Documents\NetBeansProjects\AdminLibraryManagement\build\classes
Launcher Type: SUN_STANDARD

[Global flags]
     intx CICompilerCount                          = 4                                         {product} {ergonomic}
     uint ConcGCThreads                            = 2                                         {product} {ergonomic}
     uint G1ConcRefinementThreads                  = 8                                         {product} {ergonomic}
   size_t G1HeapRegionSize                         = 1048576                                   {product} {ergonomic}
    uintx GCDrainStackTargetSize                   = 64                                        {product} {ergonomic}
   size_t InitialHeapSize                          = 132120576                                 {product} {ergonomic}
   size_t MarkStackSize                            = 4194304                                   {product} {ergonomic}
   size_t MaxHeapSize                              = 2086666240                                {product} {ergonomic}
   size_t MinHeapDeltaBytes                        = 1048576                                   {product} {ergonomic}
   size_t MinHeapSize                              = 8388608                                   {product} {ergonomic}
    uintx NonNMethodCodeHeapSize                   = 5839372                                {pd product} {ergonomic}
    uintx NonProfiledCodeHeapSize                  = 122909434                              {pd product} {ergonomic}
    uintx ProfiledCodeHeapSize                     = 122909434                              {pd product} {ergonomic}
    uintx ReservedCodeCacheSize                    = 251658240                              {pd product} {ergonomic}
     bool SegmentedCodeCache                       = true                                      {product} {ergonomic}
   size_t SoftMaxHeapSize                          = 2086666240                             {manageable} {ergonomic}
     bool UseCompressedClassPointers               = true                           {product lp64_product} {ergonomic}
     bool UseCompressedOops                        = true                           {product lp64_product} {ergonomic}
     bool UseG1GC                                  = true                                      {product} {ergonomic}
     bool UseLargePagesIndividualAllocation        = false                                  {pd product} {ergonomic}

Logging:
Log output configuration:
 #0: stdout all=warning uptime,level,tags
 #1: stderr all=off uptime,level,tags

Environment Variables:
JAVA_HOME=C:\Program Files\Java\jdk-17.0.2
PATH=D:\VMware\bin\;C:\Program Files\Common Files\Oracle\Java\javapath;C:\Program Files (x86)\Common Files\Oracle\Java\javapath;C:\Windows\system32;C:\Windows;C:\Windows\System32\Wbem;C:\Windows\System32\WindowsPowerShell\v1.0\;C:\Windows\System32\OpenSSH\;C:\Program Files\NVIDIA Corporation\NVIDIA NvDLISR;C:\Program Files (x86)\NVIDIA Corporation\PhysX\Common;C:\Program Files\Java\jdk-17.0.2\bin;C:\Program Files\dotnet\;C:\Program Files\Git\cmd;C:\Program Files\Git LFS;C:\Program Files\MySQL\MySQL Shell 8.0\bin\;C:\Users\DELL\AppData\Local\Programs\Python\Python310\Scripts\;C:\Users\DELL\AppData\Local\Programs\Python\Python310\;C:\Users\DELL\AppData\Local\Programs\Python\Python39\Scripts\;C:\Users\DELL\AppData\Local\Programs\Python\Python39\;C:\Users\DELL\AppData\Local\Microsoft\WindowsApps;C:\Users\DELL\AppData\Local\Programs\Microsoft VS Code\bin;C:\Users\DELL\AppData\Local\GitHubDesktop\bin;C:\Users\DELL\Desktop;D:\mongosh-1.6.0-win32-x64\bin;C:\Program Files\MongoDB\Server\6.0\bin
USERNAME=DELL
OS=Windows_NT
PROCESSOR_IDENTIFIER=Intel64 Family 6 Model 126 Stepping 5, GenuineIntel



---------------  S Y S T E M  ---------------

OS:
 Windows 10 , 64 bit Build 19041 (10.0.19041.1889)
OS uptime: 25 days 0:06 hours

CPU: total 8 (initial active 8) (4 cores per cpu, 2 threads per core) family 6 model 126 stepping 5 microcode 0xb2, cx8, cmov, fxsr, ht, mmx, 3dnowpref, sse, sse2, sse3, ssse3, sse4.1, sse4.2, popcnt, lzcnt, tsc, tscinvbit, avx, avx2, aes, erms, clmul, bmi1, bmi2, adx, avx512f, avx512dq, avx512cd, avx512bw, avx512vl, sha, fma, vzeroupper, avx512_vpopcntdq, avx512_vpclmulqdq, avx512_vaes, avx512_vnni, clflush, clflushopt, avx512_vbmi2, avx512_vbmi

Memory: 4k page, system-wide physical 7955M (834M free)
TotalPageFile size 15552M (AvailPageFile size 77M)
current process WorkingSet (physical memory assigned to process): 10M, peak: 10M
current process commit charge ("private bytes"): 60M, peak: 186M

vm_info: Java HotSpot(TM) 64-Bit Server VM (17.0.2+8-LTS-86) for windows-amd64 JRE (17.0.2+8-LTS-86), built on Dec  7 2021 21:51:03 by "mach5one" with MS VC++ 16.8 / 16.9 (VS2019)

END.
